
SQL*Loader: Release 11.2.0.2.0 - Production on Œr Cze 28 02:10:52 2017

Copyright (c) 1982, 2009, Oracle and/or its affiliates.  All rights reserved.

Control File:   adresy.ctl
Data File:      dane\adresy.csv
  Bad File:     adresy.bad
  Discard File:  none specified
 
 (Allow all discards)

Number to load: ALL
Number to skip: 0
Errors allowed: 50
Bind array:     64 rows, maximum of 256000 bytes
Continuation:    none specified
Path used:      Conventional

Table ADRESY, loaded from every logical record.
Insert option in effect for this table: REPLACE

   Column Name                  Position   Len  Term Encl Datatype
------------------------------ ---------- ----- ---- ---- ---------------------
ADRES_ID                            FIRST     *   ;       CHARACTER            
NR_DOMU                              NEXT     *   ;       CHARACTER            
MIEJSCOWOSC                          NEXT     *   ;       CHARACTER            
KOD_POCZTOWY                         NEXT     *   ;       CHARACTER            
POCZTA                               NEXT     *   ;       CHARACTER            
NR_MIESZKANIA                        NEXT     *   ;       CHARACTER            
ULICA                                NEXT     *   ;       CHARACTER            


Table ADRESY:
  200 Rows successfully loaded.
  0 Rows not loaded due to data errors.
  0 Rows not loaded because all WHEN clauses were failed.
  0 Rows not loaded because all fields were null.


Space allocated for bind array:                 115584 bytes(64 rows)
Read   buffer bytes: 1048576

Total logical records skipped:          0
Total logical records read:           200
Total logical records rejected:         0
Total logical records discarded:        0

Run began on Œr Cze 28 02:10:52 2017
Run ended on Œr Cze 28 02:10:52 2017

Elapsed time was:     00:00:00.13
CPU time was:         00:00:00.03
