
SQL*Loader: Release 11.2.0.2.0 - Production on Œr Cze 28 02:10:54 2017

Copyright (c) 1982, 2009, Oracle and/or its affiliates.  All rights reserved.

Control File:   na_stanie.ctl
Data File:      dane\na_stanie.csv
  Bad File:     na_stanie.bad
  Discard File:  none specified
 
 (Allow all discards)

Number to load: ALL
Number to skip: 0
Errors allowed: 50
Bind array:     64 rows, maximum of 256000 bytes
Continuation:    none specified
Path used:      Conventional

Table NA_STANIE, loaded from every logical record.
Insert option in effect for this table: REPLACE

   Column Name                  Position   Len  Term Encl Datatype
------------------------------ ---------- ----- ---- ---- ---------------------
ID_STANU                            FIRST     *   ;       CHARACTER            
WARTOSC                              NEXT     *   ;       CHARACTER            
MIEJSCOWOSC                          NEXT     *   ;       CHARACTER            
NR_GARAZU                            NEXT     *   ;       CHARACTER            
POZYCJA                              NEXT     *   ;       CHARACTER            
SAMOCHOD_ID                          NEXT     *   ;       CHARACTER            


Table NA_STANIE:
  250 Rows successfully loaded.
  0 Rows not loaded due to data errors.
  0 Rows not loaded because all WHEN clauses were failed.
  0 Rows not loaded because all fields were null.


Space allocated for bind array:                  99072 bytes(64 rows)
Read   buffer bytes: 1048576

Total logical records skipped:          0
Total logical records read:           250
Total logical records rejected:         0
Total logical records discarded:        0

Run began on Œr Cze 28 02:10:54 2017
Run ended on Œr Cze 28 02:10:54 2017

Elapsed time was:     00:00:00.14
CPU time was:         00:00:00.04
