
SQL*Loader: Release 11.2.0.2.0 - Production on Œr Cze 28 02:10:54 2017

Copyright (c) 1982, 2009, Oracle and/or its affiliates.  All rights reserved.

Control File:   sprzedane.ctl
Data File:      dane\sprzedane.csv
  Bad File:     sprzedane.bad
  Discard File:  none specified
 
 (Allow all discards)

Number to load: ALL
Number to skip: 0
Errors allowed: 50
Bind array:     64 rows, maximum of 256000 bytes
Continuation:    none specified
Path used:      Conventional

Table SPRZEDANE, loaded from every logical record.
Insert option in effect for this table: REPLACE

   Column Name                  Position   Len  Term Encl Datatype
------------------------------ ---------- ----- ---- ---- ---------------------
ID_SPRZEDAZY                        FIRST     *   ;       CHARACTER            
DATA_SPRZEDAZY                       NEXT     *   ;       DATE DD/MM/YYYY      
KWOTA_SPRZED                         NEXT     *   ;       CHARACTER            
SAMOCHOD_ID                          NEXT     *   ;       CHARACTER            
KLIENT_ID                            NEXT     *   ;       CHARACTER            
SPRZED_PRACOW_ID                     NEXT     *   ;       CHARACTER            


Table SPRZEDANE:
  150 Rows successfully loaded.
  0 Rows not loaded due to data errors.
  0 Rows not loaded because all WHEN clauses were failed.
  0 Rows not loaded because all fields were null.


Space allocated for bind array:                  99072 bytes(64 rows)
Read   buffer bytes: 1048576

Total logical records skipped:          0
Total logical records read:           150
Total logical records rejected:         0
Total logical records discarded:        0

Run began on Œr Cze 28 02:10:54 2017
Run ended on Œr Cze 28 02:10:54 2017

Elapsed time was:     00:00:00.08
CPU time was:         00:00:00.01
